<?xml version="1.0" encoding="UTF-8"?>
<testng-results ignored="0" total="1" passed="1" failed="0" skipped="0">
  <reporter-output>
  </reporter-output>
  <suite started-at="2021-07-18T14:31:47 EET" name="Default suite" finished-at="2021-07-18T14:32:15 EET" duration-ms="27895">
    <groups>
      <group name="cucumber">
        <method signature="AbstractTestNGCucumberTests.runScenario(io.cucumber.testng.PickleEventWrapper, io.cucumber.testng.CucumberFeatureWrapper)[pri:0, instance:testRunner.TestRunner@193f604a]" name="runScenario" class="io.cucumber.testng.AbstractTestNGCucumberTests"/>
      </group> <!-- cucumber -->
    </groups>
    <test started-at="2021-07-18T14:31:47 EET" name="Default test" finished-at="2021-07-18T14:32:15 EET" duration-ms="27895">
      <class name="testRunner.TestRunner">
        <test-method is-config="true" signature="setUpClass()[pri:0, instance:testRunner.TestRunner@193f604a]" started-at="2021-07-18T14:31:47 EET" name="setUpClass" finished-at="2021-07-18T14:31:47 EET" duration-ms="167" status="PASS">
          <reporter-output>
          </reporter-output>
        </test-method> <!-- setUpClass -->
        <test-method signature="runScenario(io.cucumber.testng.PickleEventWrapper, io.cucumber.testng.CucumberFeatureWrapper)[pri:0, instance:testRunner.TestRunner@193f604a]" started-at="2021-07-18T14:31:47 EET" name="runScenario" description="Runs Cucumber Scenarios" data-provider="scenarios" finished-at="2021-07-18T14:32:15 EET" duration-ms="27549" status="PASS">
          <params>
            <param index="0">
              <value>
                <![CDATA["OBS Task"]]>
              </value>
            </param>
            <param index="1">
              <value>
                <![CDATA["OBS Task"]]>
              </value>
            </param>
          </params>
          <reporter-output>
          </reporter-output>
        </test-method> <!-- runScenario -->
        <test-method is-config="true" signature="tearDownClass()[pri:0, instance:testRunner.TestRunner@193f604a]" started-at="2021-07-18T14:32:15 EET" name="tearDownClass" finished-at="2021-07-18T14:32:15 EET" duration-ms="107" status="PASS">
          <reporter-output>
          </reporter-output>
        </test-method> <!-- tearDownClass -->
      </class> <!-- testRunner.TestRunner -->
    </test> <!-- Default test -->
  </suite> <!-- Default suite -->
</testng-results>
